c:\users\akash\documents\concordia cources\winter 2020\mech-6631 mechatronics and automation\final project\vision_simulator_version_2.53_player2_offense\debug\vc120.pdb
c:\users\akash\documents\concordia cources\winter 2020\mech-6631 mechatronics and automation\final project\vision_simulator_version_2.53_player2_offense\debug\vision_simulation.obj
c:\users\akash\documents\concordia cources\winter 2020\mech-6631 mechatronics and automation\final project\vision_simulator_version_2.53_player2_offense\debug\vision.obj
c:\users\akash\documents\concordia cources\winter 2020\mech-6631 mechatronics and automation\final project\vision_simulator_version_2.53_player2_offense\debug\timer.obj
c:\users\akash\documents\concordia cources\winter 2020\mech-6631 mechatronics and automation\final project\vision_simulator_version_2.53_player2_offense\debug\shared_memory.obj
c:\users\akash\documents\concordia cources\winter 2020\mech-6631 mechatronics and automation\final project\vision_simulator_version_2.53_player2_offense\debug\robot.obj
c:\users\akash\documents\concordia cources\winter 2020\mech-6631 mechatronics and automation\final project\vision_simulator_version_2.53_player2_offense\debug\program.obj
c:\users\akash\documents\concordia cources\winter 2020\mech-6631 mechatronics and automation\final project\vision_simulator_version_2.53_player2_offense\debug\program.ilk
c:\users\akash\documents\concordia cources\winter 2020\mech-6631 mechatronics and automation\final project\vision_simulator_version_2.53_player2_offense\debug\program.exe
c:\users\akash\documents\concordia cources\winter 2020\mech-6631 mechatronics and automation\final project\vision_simulator_version_2.53_player2_offense\debug\program.pdb
c:\users\my\desktop\new folder\final project-submitted\vision_simulator_version_2.53_player2_offense\debug\program.obj
c:\users\my\desktop\new folder\final project-submitted\vision_simulator_version_2.53_player2_offense\debug\robot.obj
c:\users\my\desktop\new folder\final project-submitted\vision_simulator_version_2.53_player2_offense\debug\shared_memory.obj
c:\users\my\desktop\new folder\final project-submitted\vision_simulator_version_2.53_player2_offense\debug\timer.obj
c:\users\my\desktop\new folder\final project-submitted\vision_simulator_version_2.53_player2_offense\debug\vision.obj
c:\users\my\desktop\new folder\final project-submitted\vision_simulator_version_2.53_player2_offense\debug\vision_simulation.obj
c:\users\my\desktop\new folder\final project-submitted\vision_simulator_version_2.53_player2_offense\debug\program.ilk
c:\users\my\desktop\new folder\final project-submitted\vision_simulator_version_2.53_player2_offense\debug\program.pdb
c:\users\my\desktop\new folder\final project-submitted\vision_simulator_version_2.53_player2_offense\debug\vc120.pdb
c:\users\my\desktop\new folder\final project-submitted\vision_simulator_version_2.53_player2_offense\debug\program.exe
c:\users\my\desktop\new folder\final project-submitted\vision_simulator_version_2.53_player2_offense\debug\program.tlog\cl.command.1.tlog
c:\users\my\desktop\new folder\final project-submitted\vision_simulator_version_2.53_player2_offense\debug\program.tlog\cl.read.1.tlog
c:\users\my\desktop\new folder\final project-submitted\vision_simulator_version_2.53_player2_offense\debug\program.tlog\cl.write.1.tlog
c:\users\my\desktop\new folder\final project-submitted\vision_simulator_version_2.53_player2_offense\debug\program.tlog\link.command.1.tlog
c:\users\my\desktop\new folder\final project-submitted\vision_simulator_version_2.53_player2_offense\debug\program.tlog\link.read.1.tlog
c:\users\my\desktop\new folder\final project-submitted\vision_simulator_version_2.53_player2_offense\debug\program.tlog\link.write.1.tlog
